The Game of Life
N = 50
Iterations = 1000000
File name: input50.txt
Enter anything as a 5th argument to enable snapshotting
Starting the game...

The Game of Life
N = 50
Iterations = 1000000
File name: input50.txt
Enter anything as a 5th argument to enable snapshotting
Starting the game...

Single thread 
Time: 18.393

=ROW DECOMPOSITION=
1 nodes * 8 threads = 8 threads 
Time: 8.350
Speedup: 2.202909
Efficiency: 0.275364

=BLK DECOMPOSITION=
1 nodes * 8 threads = 8 threads 
Time: 8.384
Speedup: 2.193951
Efficiency: 0.274244
Single thread 
Time: 21.256

=ROW DECOMPOSITION=
1 nodes * 8 threads = 8 threads 
Time: 8.351
Speedup: 2.545242
Efficiency: 0.318155

=BLK DECOMPOSITION=
1 nodes * 8 threads = 8 threads 
Time: 8.265
Speedup: 2.571731
Efficiency: 0.321466
