The Game of Life
N = 50
Iterations = 1000000
File name: input50.txt
Enter anything as a 5th argument to enable snapshotting
Starting the game...

The Game of Life
N = 50
Iterations = 1000000
File name: input50.txt
Enter anything as a 5th argument to enable snapshotting
Starting the game...

Single thread 
Time: 21.817

=ROW DECOMPOSITION=
1 nodes * 8 threads = 8 threads 
Time: 8.578
Speedup: 2.543317
Efficiency: 0.317915

=BLK DECOMPOSITION=
1 nodes * 8 threads = 8 threads 
Time: 8.599
Speedup: 2.537028
Efficiency: 0.317128
Single thread 
Time: 21.465

=ROW DECOMPOSITION=
1 nodes * 8 threads = 8 threads 
Time: 9.100
Speedup: 2.358801
Efficiency: 0.294850

=BLK DECOMPOSITION=
1 nodes * 8 threads = 8 threads 
Time: 9.264
Speedup: 2.316991
Efficiency: 0.289624
