The Game of Life
N = 100
Iterations = 25000
File name: input100.txt
Enter anything as a 5th argument to enable snapshotting
Starting the game...

The Game of Life
N = 100
Iterations = 25000
File name: input100.txt
Enter anything as a 5th argument to enable snapshotting
Starting the game...

The Game of Life
N = 100
Iterations = 25000
File name: input100.txt
Enter anything as a 5th argument to enable snapshotting
Starting the game...

The Game of Life
N = 100
Iterations = 25000
File name: input100.txt
Enter anything as a 5th argument to enable snapshotting
Starting the game...

Single thread 
Time: 1.553

=ROW DECOMPOSITION=
1 nodes * 8 threads = 8 threads 
Time: 0.439
Speedup: 3.538776
Efficiency: 0.442347

=BLK DECOMPOSITION=
1 nodes * 8 threads = 8 threads 
Time: 0.420
Speedup: 3.694126
Efficiency: 0.461766
Single thread 
Time: 1.827

=ROW DECOMPOSITION=
1 nodes * 8 threads = 8 threads 
Time: 0.448
Speedup: 4.075120
Efficiency: 0.509390

=BLK DECOMPOSITION=
1 nodes * 8 threads = 8 threads 
Time: 0.433
Speedup: 4.215637
Efficiency: 0.526955
Single thread 
Time: 1.827

=ROW DECOMPOSITION=
1 nodes * 8 threads = 8 threads 
Time: 0.503
Speedup: 3.634122
Efficiency: 0.454265

=BLK DECOMPOSITION=
1 nodes * 8 threads = 8 threads 
Time: 0.470
Speedup: 3.885440
Efficiency: 0.485680
Single thread 
Time: 1.813

=ROW DECOMPOSITION=
1 nodes * 8 threads = 8 threads 
Time: 0.602
Speedup: 3.012560
Efficiency: 0.376570

=BLK DECOMPOSITION=
1 nodes * 8 threads = 8 threads 
Time: 0.435
Speedup: 4.162877
Efficiency: 0.520360
