The Game of Life
N = 50
Iterations = 1000000
File name: input50.txt
Enter anything as a 5th argument to enable snapshotting
Starting the game...

The Game of Life
N = 50
Iterations = 1000000
File name: input50.txt
Enter anything as a 5th argument to enable snapshotting
Starting the game...

Single thread 
Time: 17.972

=ROW DECOMPOSITION=
1 nodes * 8 threads = 8 threads 
Time: 8.308
Speedup: 2.163215
Efficiency: 0.270402

=BLK DECOMPOSITION=
1 nodes * 8 threads = 8 threads 
Time: 8.109
Speedup: 2.216411
Efficiency: 0.277051
Single thread 
Time: 21.861

=ROW DECOMPOSITION=
1 nodes * 8 threads = 8 threads 
Time: 8.342
Speedup: 2.620706
Efficiency: 0.327588

=BLK DECOMPOSITION=
1 nodes * 8 threads = 8 threads 
Time: 8.329
Speedup: 2.624672
Efficiency: 0.328084
